  Main_USRP.cpp
TOPCOM++ 3.0.lib(TX_CCSDS_SCCC.obj) : warning LNK4099: PDB '' was not found with 'TOPCOM++ 3.0.lib(TX_CCSDS_SCCC.obj)' or at ''; linking object as if no debug info
TOPCOM++ 3.0.lib(Frame_Sync.obj) : warning LNK4099: PDB 'TOPCOM++ 3.0.pdb' was not found with 'TOPCOM++ 3.0.lib(Frame_Sync.obj)' or at 'C:\Users\s328636\Desktop\8th Lab\Software\Projects\USRP System\TOPCOM++ 3.0.pdb'; linking object as if no debug info
TOPCOM++ 3.0.lib(Tuning_Centroids.obj) : warning LNK4099: PDB 'TOPCOM++ 3.0.pdb' was not found with 'TOPCOM++ 3.0.lib(Tuning_Centroids.obj)' or at 'C:\Users\s328636\Desktop\8th Lab\Software\Projects\USRP System\TOPCOM++ 3.0.pdb'; linking object as if no debug info
TOPCOM++ 3.0.lib(Gaussian_Process.obj) : warning LNK4099: PDB 'TOPCOM++ 3.0.pdb' was not found with 'TOPCOM++ 3.0.lib(Gaussian_Process.obj)' or at 'C:\Users\s328636\Desktop\8th Lab\Software\Projects\USRP System\TOPCOM++ 3.0.pdb'; linking object as if no debug info
TOPCOM++ 3.0.lib(PN_Source.obj) : warning LNK4099: PDB 'TOPCOM++ 3.0.pdb' was not found with 'TOPCOM++ 3.0.lib(PN_Source.obj)' or at 'C:\Users\s328636\Desktop\8th Lab\Software\Projects\USRP System\TOPCOM++ 3.0.pdb'; linking object as if no debug info
TOPCOM++ 3.0.lib(Satellite_Channel.obj) : warning LNK4099: PDB 'TOPCOM++ 3.0.pdb' was not found with 'TOPCOM++ 3.0.lib(Satellite_Channel.obj)' or at 'C:\Users\s328636\Desktop\8th Lab\Software\Projects\USRP System\TOPCOM++ 3.0.pdb'; linking object as if no debug info
TOPCOM++ 3.0.lib(Transponder.obj) : warning LNK4099: PDB '' was not found with 'TOPCOM++ 3.0.lib(Transponder.obj)' or at ''; linking object as if no debug info
TOPCOM++ 3.0.lib(USRP_Manager.obj) : warning LNK4099: PDB 'TOPCOM++ 3.0.pdb' was not found with 'TOPCOM++ 3.0.lib(USRP_Manager.obj)' or at 'C:\Users\s328636\Desktop\8th Lab\Software\Projects\USRP System\TOPCOM++ 3.0.pdb'; linking object as if no debug info
TOPCOM++ 3.0.lib(Interleaver.obj) : warning LNK4099: PDB 'TOPCOM++ 3.0.pdb' was not found with 'TOPCOM++ 3.0.lib(Interleaver.obj)' or at 'C:\Users\s328636\Desktop\8th Lab\Software\Projects\USRP System\TOPCOM++ 3.0.pdb'; linking object as if no debug info
TOPCOM++ 3.0.lib(Puncturer.obj) : warning LNK4099: PDB '' was not found with 'TOPCOM++ 3.0.lib(Puncturer.obj)' or at ''; linking object as if no debug info
TOPCOM++ 3.0.lib(SCCC_Encoder.obj) : warning LNK4099: PDB 'TOPCOM++ 3.0.pdb' was not found with 'TOPCOM++ 3.0.lib(SCCC_Encoder.obj)' or at 'C:\Users\s328636\Desktop\8th Lab\Software\Projects\USRP System\TOPCOM++ 3.0.pdb'; linking object as if no debug info
TOPCOM++ 3.0.lib(Trellis.obj) : warning LNK4099: PDB '' was not found with 'TOPCOM++ 3.0.lib(Trellis.obj)' or at ''; linking object as if no debug info
TOPCOM++ 3.0.lib(Demodulator.obj) : warning LNK4099: PDB '' was not found with 'TOPCOM++ 3.0.lib(Demodulator.obj)' or at ''; linking object as if no debug info
TOPCOM++ 3.0.lib(Equalizer.obj) : warning LNK4099: PDB 'TOPCOM++ 3.0.pdb' was not found with 'TOPCOM++ 3.0.lib(Equalizer.obj)' or at 'C:\Users\s328636\Desktop\8th Lab\Software\Projects\USRP System\TOPCOM++ 3.0.pdb'; linking object as if no debug info
TOPCOM++ 3.0.lib(Modulator.obj) : warning LNK4099: PDB 'TOPCOM++ 3.0.pdb' was not found with 'TOPCOM++ 3.0.lib(Modulator.obj)' or at 'C:\Users\s328636\Desktop\8th Lab\Software\Projects\USRP System\TOPCOM++ 3.0.pdb'; linking object as if no debug info
TOPCOM++ 3.0.lib(AWGN_Channel.obj) : warning LNK4099: PDB 'TOPCOM++ 3.0.pdb' was not found with 'TOPCOM++ 3.0.lib(AWGN_Channel.obj)' or at 'C:\Users\s328636\Desktop\8th Lab\Software\Projects\USRP System\TOPCOM++ 3.0.pdb'; linking object as if no debug info
TOPCOM++ 3.0.lib(NonLinearity.obj) : warning LNK4099: PDB 'TOPCOM++ 3.0.pdb' was not found with 'TOPCOM++ 3.0.lib(NonLinearity.obj)' or at 'C:\Users\s328636\Desktop\8th Lab\Software\Projects\USRP System\TOPCOM++ 3.0.pdb'; linking object as if no debug info
TOPCOM++ 3.0.lib(Phase_Jitter.obj) : warning LNK4099: PDB 'TOPCOM++ 3.0.pdb' was not found with 'TOPCOM++ 3.0.lib(Phase_Jitter.obj)' or at 'C:\Users\s328636\Desktop\8th Lab\Software\Projects\USRP System\TOPCOM++ 3.0.pdb'; linking object as if no debug info
TOPCOM++ 3.0.lib(BER_Meter.obj) : warning LNK4099: PDB 'TOPCOM++ 3.0.pdb' was not found with 'TOPCOM++ 3.0.lib(BER_Meter.obj)' or at 'C:\Users\s328636\Desktop\8th Lab\Software\Projects\USRP System\TOPCOM++ 3.0.pdb'; linking object as if no debug info
TOPCOM++ 3.0.lib(Spectrum.obj) : warning LNK4099: PDB 'TOPCOM++ 3.0.pdb' was not found with 'TOPCOM++ 3.0.lib(Spectrum.obj)' or at 'C:\Users\s328636\Desktop\8th Lab\Software\Projects\USRP System\TOPCOM++ 3.0.pdb'; linking object as if no debug info
TOPCOM++ 3.0.lib(AtoD.obj) : warning LNK4099: PDB 'TOPCOM++ 3.0.pdb' was not found with 'TOPCOM++ 3.0.lib(AtoD.obj)' or at 'C:\Users\s328636\Desktop\8th Lab\Software\Projects\USRP System\TOPCOM++ 3.0.pdb'; linking object as if no debug info
TOPCOM++ 3.0.lib(Delay.obj) : warning LNK4099: PDB 'TOPCOM++ 3.0.pdb' was not found with 'TOPCOM++ 3.0.lib(Delay.obj)' or at 'C:\Users\s328636\Desktop\8th Lab\Software\Projects\USRP System\TOPCOM++ 3.0.pdb'; linking object as if no debug info
TOPCOM++ 3.0.lib(FFT.obj) : warning LNK4099: PDB 'TOPCOM++ 3.0.pdb' was not found with 'TOPCOM++ 3.0.lib(FFT.obj)' or at 'C:\Users\s328636\Desktop\8th Lab\Software\Projects\USRP System\TOPCOM++ 3.0.pdb'; linking object as if no debug info
TOPCOM++ 3.0.lib(FIFO.obj) : warning LNK4099: PDB 'TOPCOM++ 3.0.pdb' was not found with 'TOPCOM++ 3.0.lib(FIFO.obj)' or at 'C:\Users\s328636\Desktop\8th Lab\Software\Projects\USRP System\TOPCOM++ 3.0.pdb'; linking object as if no debug info
TOPCOM++ 3.0.lib(Filter.obj) : warning LNK4099: PDB 'TOPCOM++ 3.0.pdb' was not found with 'TOPCOM++ 3.0.lib(Filter.obj)' or at 'C:\Users\s328636\Desktop\8th Lab\Software\Projects\USRP System\TOPCOM++ 3.0.pdb'; linking object as if no debug info
TOPCOM++ 3.0.lib(ShiftFrequency.obj) : warning LNK4099: PDB 'TOPCOM++ 3.0.pdb' was not found with 'TOPCOM++ 3.0.lib(ShiftFrequency.obj)' or at 'C:\Users\s328636\Desktop\8th Lab\Software\Projects\USRP System\TOPCOM++ 3.0.pdb'; linking object as if no debug info
TOPCOM++ 3.0.lib(poly.obj) : warning LNK4099: PDB 'TOPCOM++ 3.0.pdb' was not found with 'TOPCOM++ 3.0.lib(poly.obj)' or at 'C:\Users\s328636\Desktop\8th Lab\Software\Projects\USRP System\TOPCOM++ 3.0.pdb'; linking object as if no debug info
TOPCOM++ 3.0.lib(Random_functions.obj) : warning LNK4099: PDB 'TOPCOM++ 3.0.pdb' was not found with 'TOPCOM++ 3.0.lib(Random_functions.obj)' or at 'C:\Users\s328636\Desktop\8th Lab\Software\Projects\USRP System\TOPCOM++ 3.0.pdb'; linking object as if no debug info
TOPCOM++ 3.0.lib(Tool_functions.obj) : warning LNK4099: PDB 'TOPCOM++ 3.0.pdb' was not found with 'TOPCOM++ 3.0.lib(Tool_functions.obj)' or at 'C:\Users\s328636\Desktop\8th Lab\Software\Projects\USRP System\TOPCOM++ 3.0.pdb'; linking object as if no debug info
TOPCOM++ 3.0.lib(Automatic_Gain_Control.obj) : warning LNK4099: PDB 'TOPCOM++ 3.0.pdb' was not found with 'TOPCOM++ 3.0.lib(Automatic_Gain_Control.obj)' or at 'C:\Users\s328636\Desktop\8th Lab\Software\Projects\USRP System\TOPCOM++ 3.0.pdb'; linking object as if no debug info
TOPCOM++ 3.0.lib(Pilot.obj) : warning LNK4099: PDB 'TOPCOM++ 3.0.pdb' was not found with 'TOPCOM++ 3.0.lib(Pilot.obj)' or at 'C:\Users\s328636\Desktop\8th Lab\Software\Projects\USRP System\TOPCOM++ 3.0.pdb'; linking object as if no debug info
TOPCOM++ 3.0.lib(Time_Synchronizer.obj) : warning LNK4099: PDB 'TOPCOM++ 3.0.pdb' was not found with 'TOPCOM++ 3.0.lib(Time_Synchronizer.obj)' or at 'C:\Users\s328636\Desktop\8th Lab\Software\Projects\USRP System\TOPCOM++ 3.0.pdb'; linking object as if no debug info
TOPCOM++ 3.0.lib(Parameter_Manager.obj) : warning LNK4099: PDB 'TOPCOM++ 3.0.pdb' was not found with 'TOPCOM++ 3.0.lib(Parameter_Manager.obj)' or at 'C:\Users\s328636\Desktop\8th Lab\Software\Projects\USRP System\TOPCOM++ 3.0.pdb'; linking object as if no debug info
TOPCOM++ 3.0.lib(Speed.obj) : warning LNK4099: PDB 'TOPCOM++ 3.0.pdb' was not found with 'TOPCOM++ 3.0.lib(Speed.obj)' or at 'C:\Users\s328636\Desktop\8th Lab\Software\Projects\USRP System\TOPCOM++ 3.0.pdb'; linking object as if no debug info
  USRP System.vcxproj -> C:\Users\s328636\Desktop\8th Lab\Software\Projects\USRP System\USRP.exe
